{
  "stats": {
    "suites": 1,
    "tests": 2,
    "passes": 2,
    "pending": 0,
    "failures": 0,
    "start": "2023-03-07T14:31:22.786Z",
    "end": "2023-03-07T14:31:24.181Z",
    "duration": 1395,
    "testsRegistered": 2,
    "passPercent": 100,
    "pendingPercent": 0,
    "other": 0,
    "hasOther": false,
    "skipped": 0,
    "hasSkipped": false
  },
  "results": [
    {
      "uuid": "f99e4a37-cb15-43d9-8d45-314d84fc302c",
      "title": "",
      "fullFile": "cypress\\e2e\\exercicio.cy.js",
      "file": "cypress\\e2e\\exercicio.cy.js",
      "beforeHooks": [],
      "afterHooks": [],
      "tests": [],
      "suites": [
        {
          "uuid": "6b744694-a810-4f17-8d1f-3f43b747f430",
          "title": "Testes da Funcionalidade Usuários",
          "fullFile": "",
          "file": "",
          "beforeHooks": [],
          "afterHooks": [],
          "tests": [
            {
              "title": "Deve listar usuários cadastrados",
              "fullTitle": "Testes da Funcionalidade Usuários Deve listar usuários cadastrados",
              "timedOut": null,
              "duration": 863,
              "state": "passed",
              "speed": "fast",
              "pass": true,
              "fail": false,
              "pending": false,
              "context": null,
              "code": "cy.request({\n  method: 'GET',\n  url: 'usuarios'\n}).then(response => {\n  expect(response.body.usuarios[7].nome).to.equal('Francisco da Silveira');\n  expect(response.status).to.equal(200);\n});",
              "err": {},
              "uuid": "50c3d11b-e847-4afd-8a70-194e82362439",
              "parentUUID": "6b744694-a810-4f17-8d1f-3f43b747f430",
              "isHook": false,
              "skipped": false
            },
            {
              "title": "Deve validar um usuário com email inválido",
              "fullTitle": "Testes da Funcionalidade Usuários Deve validar um usuário com email inválido",
              "timedOut": null,
              "duration": 478,
              "state": "passed",
              "speed": "fast",
              "pass": true,
              "fail": false,
              "pending": false,
              "context": null,
              "code": "cy.request({\n  method: 'POST',\n  url: 'usuarios',\n  failOnStatusCode: false,\n  body: {\n    \"nome\": \"Jose Sorveteiro\",\n    \"email\": \"picoles@qa.com.br\",\n    \"password\": \"teste\",\n    \"administrador\": \"true\"\n  }\n}).then(response => {\n  expect(response.body.message).to.equal('Este email já está sendo usado');\n  expect(response.status).to.equal(400);\n});",
              "err": {},
              "uuid": "3345e2b8-9762-4b8c-91a3-7ee1953d969b",
              "parentUUID": "6b744694-a810-4f17-8d1f-3f43b747f430",
              "isHook": false,
              "skipped": false
            }
          ],
          "suites": [],
          "passes": [
            "50c3d11b-e847-4afd-8a70-194e82362439",
            "3345e2b8-9762-4b8c-91a3-7ee1953d969b"
          ],
          "failures": [],
          "pending": [],
          "skipped": [],
          "duration": 1341,
          "root": false,
          "rootEmpty": false,
          "_timeout": 2000
        }
      ],
      "passes": [],
      "failures": [],
      "pending": [],
      "skipped": [],
      "duration": 0,
      "root": true,
      "rootEmpty": true,
      "_timeout": 2000
    }
  ],
  "meta": {
    "mocha": {
      "version": "7.0.1"
    },
    "mochawesome": {
      "options": {
        "quiet": false,
        "reportFilename": "mochawesome",
        "saveHtml": false,
        "saveJson": true,
        "consoleReporter": "spec",
        "useInlineDiffs": false,
        "code": true
      },
      "version": "7.1.3"
    },
    "marge": {
      "options": {
        "reportDir": "mochawesome-report",
        "overwrite": false,
        "html": false,
        "json": true
      },
      "version": "6.2.0"
    }
  }
}