{
  "stats": {
    "suites": 1,
    "tests": 1,
    "passes": 1,
    "pending": 0,
    "failures": 0,
    "start": "2023-03-07T14:36:35.380Z",
    "end": "2023-03-07T14:36:36.161Z",
    "duration": 781,
    "testsRegistered": 1,
    "passPercent": 100,
    "pendingPercent": 0,
    "other": 0,
    "hasOther": false,
    "skipped": 0,
    "hasSkipped": false
  },
  "results": [
    {
      "uuid": "5f81aaa1-f4c4-43f5-944b-f8b92107c07a",
      "title": "",
      "fullFile": "cypress\\e2e\\exercicio.cy.js",
      "file": "cypress\\e2e\\exercicio.cy.js",
      "beforeHooks": [],
      "afterHooks": [],
      "tests": [],
      "suites": [
        {
          "uuid": "19576bb5-5f08-473c-863a-9742f2fe51f0",
          "title": "Testes da Funcionalidade Usuários",
          "fullFile": "",
          "file": "",
          "beforeHooks": [],
          "afterHooks": [],
          "tests": [
            {
              "title": "Deve validar um usuário com email inválido",
              "fullTitle": "Testes da Funcionalidade Usuários Deve validar um usuário com email inválido",
              "timedOut": null,
              "duration": 555,
              "state": "passed",
              "speed": "fast",
              "pass": true,
              "fail": false,
              "pending": false,
              "context": null,
              "code": "cy.request({\n  method: 'POST',\n  url: 'usuarios',\n  failOnStatusCode: false,\n  body: {\n    \"nome\": \"Jose Sorveteiro\",\n    \"email\": \"picoles@qa.com.br\",\n    \"password\": \"teste\",\n    \"administrador\": \"true\"\n  }\n}).then(response => {\n  expect(response.body.message).to.equal('Este email já está sendo usado');\n  expect(response.status).to.equal(400);\n});",
              "err": {},
              "uuid": "e12bc646-fdf4-477e-a1ca-2d5afbe685d9",
              "parentUUID": "19576bb5-5f08-473c-863a-9742f2fe51f0",
              "isHook": false,
              "skipped": false
            }
          ],
          "suites": [],
          "passes": [
            "e12bc646-fdf4-477e-a1ca-2d5afbe685d9"
          ],
          "failures": [],
          "pending": [],
          "skipped": [],
          "duration": 555,
          "root": false,
          "rootEmpty": false,
          "_timeout": 2000
        }
      ],
      "passes": [],
      "failures": [],
      "pending": [],
      "skipped": [],
      "duration": 0,
      "root": true,
      "rootEmpty": true,
      "_timeout": 2000
    }
  ],
  "meta": {
    "mocha": {
      "version": "7.0.1"
    },
    "mochawesome": {
      "options": {
        "quiet": false,
        "reportFilename": "mochawesome",
        "saveHtml": false,
        "saveJson": true,
        "consoleReporter": "spec",
        "useInlineDiffs": false,
        "code": true
      },
      "version": "7.1.3"
    },
    "marge": {
      "options": {
        "reportDir": "mochawesome-report",
        "overwrite": false,
        "html": false,
        "json": true
      },
      "version": "6.2.0"
    }
  }
}